<?xml version="1.0" encoding="UTF-8"?>
<testsuite name="cl.tenpo.learning.reactive.tasks.task1.T1Question2Test" tests="3" skipped="0" failures="0" errors="0" timestamp="2025-04-03T11:31:50" hostname="LUCCON0122M" time="1.381">
  <properties/>
  <testcase name="PREGUNTA 2B - Francia es el segundo país" classname="cl.tenpo.learning.reactive.tasks.task1.T1Question2Test" time="1.348"/>
  <testcase name="PREGUNTA 2B - Argentina es el quinto país" classname="cl.tenpo.learning.reactive.tasks.task1.T1Question2Test" time="0.012"/>
  <testcase name="PREGUNTA 2A - Primeros 5 paises son repetidos" classname="cl.tenpo.learning.reactive.tasks.task1.T1Question2Test" time="0.013"/>
  <system-out><![CDATA[[Test worker] 2025-04-03 08:31:51 ?[34mINFO ?[0;39m ?[36mr.Flux.Peek.1?[0;39m - onSubscribe(FluxPeek.PeekSubscriber) 
[Test worker] 2025-04-03 08:31:51 ?[34mINFO ?[0;39m ?[36mr.Flux.Peek.1?[0;39m - request(unbounded) 
[Test worker] 2025-04-03 08:31:51 ?[34mINFO ?[0;39m ?[36mc.t.l.r.t.t.T1Question2?[0;39m - [question2C] Found country: Argentina 
[Test worker] 2025-04-03 08:31:51 ?[34mINFO ?[0;39m ?[36mr.Flux.Peek.1?[0;39m - onNext(Argentina) 
[Test worker] 2025-04-03 08:31:51 ?[34mINFO ?[0;39m ?[36mc.t.l.r.t.t.T1Question2?[0;39m - [question2C] Found country: France 
[Test worker] 2025-04-03 08:31:51 ?[34mINFO ?[0;39m ?[36mc.t.l.r.t.t.T1Question2?[0;39m - [question2C] Success on process 
[Test worker] 2025-04-03 08:31:51 ?[34mINFO ?[0;39m ?[36mr.Flux.Peek.1?[0;39m - onComplete() 
[Test worker] 2025-04-03 08:31:51 ?[34mINFO ?[0;39m ?[36mr.Flux.Peek.2?[0;39m - onSubscribe(FluxPeek.PeekSubscriber) 
[Test worker] 2025-04-03 08:31:51 ?[34mINFO ?[0;39m ?[36mr.Flux.Peek.2?[0;39m - request(unbounded) 
[Test worker] 2025-04-03 08:31:51 ?[34mINFO ?[0;39m ?[36mc.t.l.r.t.t.T1Question2?[0;39m - [question2B] Found country: Peru 
[Test worker] 2025-04-03 08:31:51 ?[34mINFO ?[0;39m ?[36mr.Flux.Peek.2?[0;39m - onNext(Peru) 
[Test worker] 2025-04-03 08:31:51 ?[34mINFO ?[0;39m ?[36mc.t.l.r.t.t.T1Question2?[0;39m - [question2B] Found country: Chile 
[Test worker] 2025-04-03 08:31:51 ?[34mINFO ?[0;39m ?[36mr.Flux.Peek.2?[0;39m - onNext(Chile) 
[Test worker] 2025-04-03 08:31:51 ?[34mINFO ?[0;39m ?[36mc.t.l.r.t.t.T1Question2?[0;39m - [question2B] Found country: Ecuador 
[Test worker] 2025-04-03 08:31:51 ?[34mINFO ?[0;39m ?[36mr.Flux.Peek.2?[0;39m - onNext(Ecuador) 
[Test worker] 2025-04-03 08:31:51 ?[34mINFO ?[0;39m ?[36mc.t.l.r.t.t.T1Question2?[0;39m - [question2B] Found country: Peru 
[Test worker] 2025-04-03 08:31:51 ?[34mINFO ?[0;39m ?[36mr.Flux.Peek.2?[0;39m - onNext(Peru) 
[Test worker] 2025-04-03 08:31:51 ?[34mINFO ?[0;39m ?[36mc.t.l.r.t.t.T1Question2?[0;39m - [question2B] Found country: Argentina 
[Test worker] 2025-04-03 08:31:51 ?[34mINFO ?[0;39m ?[36mr.Flux.Peek.2?[0;39m - onNext(Argentina) 
[Test worker] 2025-04-03 08:31:51 ?[34mINFO ?[0;39m ?[36mc.t.l.r.t.t.T1Question2?[0;39m - [question2B] Success on process 
[Test worker] 2025-04-03 08:31:51 ?[34mINFO ?[0;39m ?[36mr.Flux.Peek.2?[0;39m - onComplete() 
[Test worker] 2025-04-03 08:31:51 ?[34mINFO ?[0;39m ?[36mr.Flux.Peek.3?[0;39m - onSubscribe(FluxPeek.PeekSubscriber) 
[Test worker] 2025-04-03 08:31:51 ?[34mINFO ?[0;39m ?[36mr.Flux.Peek.3?[0;39m - request(unbounded) 
[Test worker] 2025-04-03 08:31:51 ?[34mINFO ?[0;39m ?[36mc.t.l.r.t.t.T1Question2?[0;39m - [question2A] Found country: Peru 
[Test worker] 2025-04-03 08:31:51 ?[34mINFO ?[0;39m ?[36mr.Flux.Peek.3?[0;39m - onNext(Peru) 
[Test worker] 2025-04-03 08:31:51 ?[34mINFO ?[0;39m ?[36mc.t.l.r.t.t.T1Question2?[0;39m - [question2A] Found country: Argentina 
[Test worker] 2025-04-03 08:31:51 ?[34mINFO ?[0;39m ?[36mr.Flux.Peek.3?[0;39m - onNext(Argentina) 
[Test worker] 2025-04-03 08:31:51 ?[34mINFO ?[0;39m ?[36mc.t.l.r.t.t.T1Question2?[0;39m - [question2A] Found country: Chile 
[Test worker] 2025-04-03 08:31:51 ?[34mINFO ?[0;39m ?[36mr.Flux.Peek.3?[0;39m - onNext(Chile) 
[Test worker] 2025-04-03 08:31:51 ?[34mINFO ?[0;39m ?[36mc.t.l.r.t.t.T1Question2?[0;39m - [question2A] Found country: Ecuador 
[Test worker] 2025-04-03 08:31:51 ?[34mINFO ?[0;39m ?[36mr.Flux.Peek.3?[0;39m - onNext(Ecuador) 
[Test worker] 2025-04-03 08:31:51 ?[34mINFO ?[0;39m ?[36mc.t.l.r.t.t.T1Question2?[0;39m - [question2A] Found country: Brasil 
[Test worker] 2025-04-03 08:31:51 ?[34mINFO ?[0;39m ?[36mr.Flux.Peek.3?[0;39m - onNext(Brasil) 
[Test worker] 2025-04-03 08:31:51 ?[34mINFO ?[0;39m ?[36mc.t.l.r.t.t.T1Question2?[0;39m - [question2A] Success on process 
[Test worker] 2025-04-03 08:31:51 ?[34mINFO ?[0;39m ?[36mr.Flux.Peek.3?[0;39m - onComplete() 
]]></system-out>
  <system-err><![CDATA[WARNING: A Java agent has been loaded dynamically (/Users/lucas.conte/.gradle/caches/modules-2/files-2.1/net.bytebuddy/byte-buddy-agent/1.14.19/154da3a65b4f4a909d3e5bdec55d1b2b4cbb6ce1/byte-buddy-agent-1.14.19.jar)
WARNING: If a serviceability tool is in use, please run with -XX:+EnableDynamicAgentLoading to hide this warning
WARNING: If a serviceability tool is not in use, please run with -Djdk.instrument.traceUsage for more information
WARNING: Dynamic loading of agents will be disallowed by default in a future release
]]></system-err>
</testsuite>
